{
  "RSpec": {
    "coverage": {
      "/Users/petucket/Sites/development/revs-indexer-service/app/helpers/about_helper.rb": [
        1,
        null
      ],
      "/Users/petucket/Sites/development/revs-indexer-service/app/helpers/application_helper.rb": [
        1,
        null
      ],
      "/Users/petucket/Sites/development/revs-indexer-service/lib/revs_mapper.rb": [
        1,
        null,
        1,
        null,
        1,
        null,
        null,
        null,
        null,
        null,
        null,
        null,
        null,
        null,
        null,
        null,
        1,
        null,
        null,
        32,
        null,
        null,
        null,
        null,
        null,
        null,
        null,
        null,
        null,
        null,
        32,
        null,
        null,
        32,
        62,
        31,
        null,
        null,
        null,
        null,
        32,
        0,
        null,
        null,
        32,
        1,
        1,
        null,
        31,
        61,
        null,
        null,
        31,
        31,
        31,
        31,
        60,
        32,
        32,
        null,
        null,
        null,
        null,
        31,
        31,
        7,
        7,
        7,
        null,
        24,
        24,
        70,
        24,
        24,
        null,
        31,
        31,
        31,
        45,
        null,
        28,
        28,
        null,
        1,
        1,
        null,
        4,
        4,
        null,
        2,
        2,
        null,
        2,
        2,
        null,
        1,
        1,
        null,
        1,
        1,
        null,
        1,
        1,
        null,
        1,
        1,
        null,
        1,
        1,
        null,
        45,
        null,
        null,
        null,
        31,
        2,
        1,
        1,
        null,
        null,
        null,
        31,
        45,
        3,
        3,
        3,
        3,
        3,
        3,
        3,
        3,
        3,
        3,
        3,
        null,
        null,
        null,
        null,
        31,
        31,
        45,
        29,
        null,
        16,
        16,
        16,
        16,
        16,
        16,
        16,
        16,
        null,
        null,
        null,
        null,
        null,
        null,
        32,
        null,
        31,
        null,
        31,
        null,
        null,
        null,
        1,
        32,
        null,
        32,
        32,
        null,
        32,
        null,
        null,
        1,
        32,
        null,
        32,
        31,
        null,
        32,
        null,
        null,
        null,
        null,
        null,
        1,
        0,
        0,
        null,
        0,
        null,
        null,
        null,
        1,
        32,
        32,
        null,
        null,
        null,
        1,
        128,
        128,
        115,
        115,
        null,
        13,
        null,
        128,
        null,
        null,
        null,
        1,
        32,
        30,
        60,
        null,
        null,
        null,
        1,
        5,
        null,
        null,
        null,
        1,
        183,
        null,
        null,
        null,
        1,
        403,
        null,
        null,
        null
      ]
    },
    "timestamp": 1447263400
  }
}
