{
  "RSpec": {
    "coverage": {
      "/Users/petucket/Sites/development/revs-indexer-service/app/helpers/about_helper.rb": [
        1,
        null
      ],
      "/Users/petucket/Sites/development/revs-indexer-service/app/helpers/application_helper.rb": [
        1,
        null
      ],
      "/Users/petucket/Sites/development/revs-indexer-service/lib/revs_mapper.rb": [
        1,
        null,
        1,
        null,
        1,
        null,
        null,
        null,
        null,
        null,
        null,
        null,
        null,
        null,
        null,
        null,
        1,
        null,
        null,
        31,
        null,
        null,
        null,
        null,
        null,
        null,
        null,
        null,
        null,
        null,
        31,
        null,
        null,
        31,
        60,
        30,
        null,
        null,
        null,
        null,
        31,
        0,
        null,
        null,
        31,
        1,
        1,
        null,
        30,
        30,
        null,
        null,
        30,
        30,
        30,
        30,
        58,
        31,
        31,
        null,
        null,
        null,
        null,
        30,
        30,
        7,
        7,
        7,
        null,
        23,
        23,
        69,
        23,
        23,
        null,
        30,
        30,
        30,
        44,
        null,
        27,
        27,
        null,
        1,
        1,
        null,
        4,
        4,
        null,
        2,
        2,
        null,
        2,
        2,
        null,
        1,
        1,
        null,
        1,
        1,
        null,
        1,
        1,
        null,
        1,
        1,
        null,
        1,
        1,
        null,
        44,
        null,
        null,
        null,
        30,
        2,
        1,
        1,
        null,
        null,
        null,
        30,
        44,
        3,
        3,
        3,
        3,
        3,
        3,
        3,
        3,
        3,
        3,
        3,
        null,
        null,
        null,
        null,
        30,
        30,
        44,
        28,
        null,
        16,
        16,
        16,
        16,
        16,
        16,
        16,
        16,
        null,
        null,
        null,
        null,
        null,
        null,
        31,
        null,
        30,
        null,
        30,
        null,
        null,
        null,
        1,
        31,
        null,
        31,
        31,
        null,
        31,
        null,
        null,
        1,
        31,
        null,
        31,
        30,
        null,
        31,
        null,
        null,
        null,
        null,
        null,
        1,
        0,
        0,
        null,
        0,
        null,
        null,
        null,
        1,
        31,
        31,
        null,
        null,
        null,
        1,
        126,
        126,
        113,
        113,
        null,
        13,
        null,
        126,
        null,
        null,
        null,
        1,
        31,
        29,
        58,
        null,
        null,
        null,
        1,
        5,
        null,
        null,
        null,
        1,
        178,
        null,
        null,
        null,
        1,
        390,
        null,
        null,
        null
      ]
    },
    "timestamp": 1443031256
  }
}
